Build started 2016/3/22 13:50:42.
     1>Project "E:\C++\coper\coperC\coperC.vcxproj" on node 2 (Rebuild target(s)).
     1>ClCompile:
         D:\Program Files (x86)\Microsoft Visual Studio 14.0\VC\bin\x86_amd64\CL.exe /c /IE:\C++\coper\coperC\include\ /ZI /nologo /W3 /WX- /sdl /Od /D _CRT_SECURE_NO_WARNINGS /D _DEBUG /D _CONSOLE /D _UNICODE /D UNICODE /Gm /EHsc /RTC1 /MDd /GS /fp:precise /Zc:wchar_t /Zc:forScope /Zc:inline /Fo"x64\Debug\\" /Fd"x64\Debug\vc140.pdb" /Gd /TP /errorReport:prompt src\ConfigFileItem.cpp src\ConfigParser.cpp src\FileCoper.cpp src\main.cpp src\Status.cpp src\Utils.cpp
         Utils.cpp
     1>e:\c++\coper\coperc\include\utils.h(22): warning C4273: '_stat64i32': inconsistent dll linkage
         c:\program files (x86)\windows kits\10\include\10.0.10150.0\ucrt\sys\stat.h(187): note: see previous definition of '_stat64i32'
     1>e:\c++\coper\coperc\src\utils.cpp(65): warning C4244: '=': conversion from 'intptr_t' to 'long', possible loss of data
     1>e:\c++\coper\coperc\src\utils.cpp(160): warning C4267: 'initializing': conversion from 'size_t' to 'int', possible loss of data
         Status.cpp
         main.cpp
     1>e:\c++\coper\coperc\include\utils.h(22): warning C4273: '_stat64i32': inconsistent dll linkage
         c:\program files (x86)\windows kits\10\include\10.0.10150.0\ucrt\sys\stat.h(187): note: see previous definition of '_stat64i32'
         FileCoper.cpp
     1>e:\c++\coper\coperc\include\utils.h(22): warning C4273: '_stat64i32': inconsistent dll linkage
         c:\program files (x86)\windows kits\10\include\10.0.10150.0\ucrt\sys\stat.h(187): note: see previous definition of '_stat64i32'
         ConfigParser.cpp
     1>e:\c++\coper\coperc\include\utils.h(22): warning C4273: '_stat64i32': inconsistent dll linkage
         c:\program files (x86)\windows kits\10\include\10.0.10150.0\ucrt\sys\stat.h(187): note: see previous definition of '_stat64i32'
     1>e:\c++\coper\coperc\src\configparser.cpp(45): warning C4244: 'initializing': conversion from 'double' to 'int', possible loss of data
     1>e:\c++\coper\coperc\src\configparser.cpp(64): warning C4267: '=': conversion from 'size_t' to 'int', possible loss of data
     1>e:\c++\coper\coperc\src\configparser.cpp(93): warning C4267: 'initializing': conversion from 'size_t' to 'int', possible loss of data
         ConfigFileItem.cpp
         Generating Code...
       Link:
         D:\Program Files (x86)\Microsoft Visual Studio 14.0\VC\bin\x86_amd64\link.exe /ERRORREPORT:PROMPT /OUT:"E:\C++\coper\bin\coperC.exe" /INCREMENTAL /NOLOGO kernel32.lib user32.lib gdi32.lib winspool.lib comdlg32.lib advapi32.lib shell32.lib ole32.lib oleaut32.lib uuid.lib odbc32.lib odbccp32.lib /MANIFEST /MANIFESTUAC:"level='asInvoker' uiAccess='false'" /manifest:embed /Debug /PDB:"E:\C++\coper\bin\coperC.pdb" /SUBSYSTEM:CONSOLE /TLBID:1 /DYNAMICBASE /NXCOMPAT /IMPLIB:"E:\C++\coper\bin\coperC.lib" /MACHINE:X64 x64\Debug\ConfigFileItem.obj
         x64\Debug\ConfigParser.obj
         x64\Debug\FileCoper.obj
         x64\Debug\main.obj
         x64\Debug\Status.obj
         x64\Debug\Utils.obj
         coperC.vcxproj -> E:\C++\coper\bin\coperC.exe
     1>Done Building Project "E:\C++\coper\coperC\coperC.vcxproj" (Rebuild target(s)).

Build succeeded.

Time Elapsed 00:00:05.62
